<?xml version="1.0" encoding="UTF-8"?>
<!-- Generated by org.testng.reporters.JUnitXMLReporter -->
<testsuite ignored="0" hostname="DESKTOP-OIDSKCV" failures="2" tests="27" name="ChromeTestCases" time="981.875" errors="0" timestamp="26 Aug 2020 21:04:47 GMT">
  <testcase classname="com.romanceabroad.ui.RegistrationTests" name="testRegistration" time="8.034"/>
  <testcase classname="com.romanceabroad.ui.RegistrationTests" name="testRegistration" time="9.068"/>
  <testcase classname="com.romanceabroad.ui.RegistrationTests" name="testRegistration" time="6.997"/>
  <testcase classname="com.romanceabroad.ui.RegistrationTests" name="testRegistration" time="11.373"/>
  <testcase classname="com.romanceabroad.ui.RegistrationTests" name="testRegistration2" time="16.76"/>
  <testcase classname="com.romanceabroad.ui.RegistrationTests" name="testRegistration2" time="1.803"/>
  <testcase classname="com.romanceabroad.ui.RegistrationTests" name="testRegistration2" time="11.738"/>
  <testcase classname="com.romanceabroad.ui.GiftsTest" name="testGiftsLink" time="1.71"/>
  <testcase classname="com.romanceabroad.ui.BlogTest" name="testBlogLink" time="1.881"/>
  <testcase classname="com.romanceabroad.ui.HomeTest" name="MainPageTest" time="0.409"/>
  <testcase classname="com.romanceabroad.ui.HomeTest" name="smokeTestMainPage" time="52.667"/>
  <testcase classname="com.romanceabroad.ui.HomeTest" name="testLinksOnMainPage" time="60.375"/>
  <testcase classname="com.romanceabroad.ui.HowWeWorkTest" name="testArticlesAndTitles" time="2.241"/>
  <testcase classname="com.romanceabroad.ui.HowWeWorkTest" name="testHowWeWorkLink" time="2.103"/>
  <testcase classname="com.romanceabroad.ui.PhotosTests" name="testUserTabs" time="29.149"/>
  <testcase classname="com.romanceabroad.ui.SearchTest" name="searchAllOptionFromDropDownList" time="11.128">
    <failure type="org.openqa.selenium.NoSuchElementException" message="no such element: Unable to locate element: {&amp;quot;method&amp;quot;:&amp;quot;xpath&amp;quot;,&amp;quot;selector&amp;quot;:&amp;quot;//a[@data-pjax-no-scroll=&amp;apos;1&amp;apos;][@href=&amp;apos;https://romanceabroad.com/users/view/330/gallery&amp;apos;]&amp;quot;}
  (Session info: chrome=84.0.4147.135)
For documentation on this error, please visit: https://www.seleniumhq.org/exceptions/no_such_element.html
Build info: version: &amp;apos;3.141.59&amp;apos;, revision: &amp;apos;e82be7d358&amp;apos;, time: &amp;apos;2018-11-14T08:17:03&amp;apos;
System info: host: &amp;apos;DESKTOP-OIDSKCV&amp;apos;, ip: &amp;apos;192.168.1.88&amp;apos;, os.name: &amp;apos;Windows 10&amp;apos;, os.arch: &amp;apos;amd64&amp;apos;, os.version: &amp;apos;10.0&amp;apos;, java.version: &amp;apos;13.0.2&amp;apos;
Driver info: org.openqa.selenium.chrome.ChromeDriver
Capabilities {acceptInsecureCerts: false, browserName: chrome, browserVersion: 84.0.4147.135, chrome: {chromedriverVersion: 84.0.4147.30 (48b3e868b4cc0..., userDataDir: C:\Users\sbala\AppData\Loca...}, goog:chromeOptions: {debuggerAddress: localhost:51719}, javascriptEnabled: true, networkConnectionEnabled: false, pageLoadStrategy: normal, platform: WINDOWS, platformName: WINDOWS, proxy: Proxy(), setWindowRect: true, strictFileInteractability: false, timeouts: {implicit: 0, pageLoad: 300000, script: 30000}, unhandledPromptBehavior: dismiss and notify, webauthn:virtualAuthenticators: true}
Session ID: 6302c204662cc04fe4355e19f0f5b2ed
*** Element info: {Using=xpath, value=//a[@data-pjax-no-scroll=&amp;apos;1&amp;apos;][@href=&amp;apos;https://romanceabroad.com/users/view/330/gallery&amp;apos;]}">
      <![CDATA[org.openqa.selenium.NoSuchElementException: no such element: Unable to locate element: {"method":"xpath","selector":"//a[@data-pjax-no-scroll='1'][@href='https://romanceabroad.com/users/view/330/gallery']"}
  (Session info: chrome=84.0.4147.135)
For documentation on this error, please visit: https://www.seleniumhq.org/exceptions/no_such_element.html
Build info: version: '3.141.59', revision: 'e82be7d358', time: '2018-11-14T08:17:03'
System info: host: 'DESKTOP-OIDSKCV', ip: '192.168.1.88', os.name: 'Windows 10', os.arch: 'amd64', os.version: '10.0', java.version: '13.0.2'
Driver info: org.openqa.selenium.chrome.ChromeDriver
Capabilities {acceptInsecureCerts: false, browserName: chrome, browserVersion: 84.0.4147.135, chrome: {chromedriverVersion: 84.0.4147.30 (48b3e868b4cc0..., userDataDir: C:\Users\sbala\AppData\Loca...}, goog:chromeOptions: {debuggerAddress: localhost:51719}, javascriptEnabled: true, networkConnectionEnabled: false, pageLoadStrategy: normal, platform: WINDOWS, platformName: WINDOWS, proxy: Proxy(), setWindowRect: true, strictFileInteractability: false, timeouts: {implicit: 0, pageLoad: 300000, script: 30000}, unhandledPromptBehavior: dismiss and notify, webauthn:virtualAuthenticators: true}
Session ID: 6302c204662cc04fe4355e19f0f5b2ed
*** Element info: {Using=xpath, value=//a[@data-pjax-no-scroll='1'][@href='https://romanceabroad.com/users/view/330/gallery']}
at org.openqa.selenium.remote.http.W3CHttpResponseCodec.createException(W3CHttpResponseCodec.java:187)
at org.openqa.selenium.remote.http.W3CHttpResponseCodec.decode(W3CHttpResponseCodec.java:122)
at org.openqa.selenium.remote.http.W3CHttpResponseCodec.decode(W3CHttpResponseCodec.java:49)
at org.openqa.selenium.remote.HttpCommandExecutor.execute(HttpCommandExecutor.java:158)
at org.openqa.selenium.remote.service.DriverCommandExecutor.execute(DriverCommandExecutor.java:83)
at org.openqa.selenium.remote.RemoteWebDriver.execute(RemoteWebDriver.java:552)
at org.openqa.selenium.remote.RemoteWebDriver.findElement(RemoteWebDriver.java:323)
at org.openqa.selenium.remote.RemoteWebDriver.findElementByXPath(RemoteWebDriver.java:428)
at org.openqa.selenium.By$ByXPath.findElement(By.java:353)
at org.openqa.selenium.remote.RemoteWebDriver.findElement(RemoteWebDriver.java:315)
at com.romanceabroad.ui.SearchTest.searchAllOptionFromDropDownList(SearchTest.java:122)
at com.intellij.rt.testng.IDEARemoteTestNG.run(IDEARemoteTestNG.java:66)
at com.intellij.rt.testng.RemoteTestNGStarter.main(RemoteTestNGStarter.java:109)
... Removed 27 stack frames]]>
    </failure>
  </testcase> <!-- searchAllOptionFromDropDownList -->
  <testcase classname="com.romanceabroad.ui.SearchTest" name="searchForAllUsers" time="11.296"/>
  <testcase classname="com.romanceabroad.ui.SearchTest" name="testALlFooterLinks" time="8.335">
    <failure type="java.lang.AssertionError" message="expected [Contact administrator] but found [Single Ukrainian women online]">
      <![CDATA[java.lang.AssertionError: expected [Contact administrator] but found [Single Ukrainian women online]
at com.romanceabroad.ui.SearchTest.testALlFooterLinks(SearchTest.java:159)
at com.intellij.rt.testng.IDEARemoteTestNG.run(IDEARemoteTestNG.java:66)
at com.intellij.rt.testng.RemoteTestNGStarter.main(RemoteTestNGStarter.java:109)
... Removed 28 stack frames]]>
    </failure>
  </testcase> <!-- testALlFooterLinks -->
  <testcase classname="com.romanceabroad.ui.SearchTest" name="verifyMarinaUserProfile" time="9.924"/>
  <testcase classname="com.romanceabroad.ui.SignInTest" name="negativeTestCases" time="10.67"/>
  <testcase classname="com.romanceabroad.ui.SignInTest" name="negativeTestCases" time="7.68"/>
  <testcase classname="com.romanceabroad.ui.SignInTest" name="negativeTestCases" time="8.66"/>
  <testcase classname="com.romanceabroad.ui.SignInTest" name="testSignInTest" time="0.175"/>
  <testcase classname="com.romanceabroad.ui.TourToUkraineTest" name="testTourToUkraineLink" time="1.982"/>
  <testcase classname="com.romanceabroad.ui.SearchTest" name="selectRandomDropDownListTestOnSearchPageCase11" time="264.239"/>
  <testcase classname="com.romanceabroad.ui.SearchTest" name="searchDifferentResults12" time="7.625"/>
  <testcase classname="com.romanceabroad.ui.SearchTest" name="testSearchPageTestCase10" time="3.963"/>
</testsuite> <!-- ChromeTestCases -->
