<?xml version="1.0" encoding="UTF-8"?>
<!-- Generated by org.testng.reporters.JUnitXMLReporter -->
<testsuite ignored="0" hostname="DESKTOP-OIDSKCV" failures="1" tests="7" name="FirefoxTestCases" time="98.544" errors="0" timestamp="14 Aug 2020 20:02:04 GMT">
  <testcase classname="com.romanceabroad.ui.RegistrationTests" name="testRegistration" time="6.148"/>
  <testcase classname="com.romanceabroad.ui.RegistrationTests" name="testRegistration" time="2.264">
    <failure type="org.openqa.selenium.ElementClickInterceptedException" message="Element &amp;lt;li&amp;gt; is not clickable at point (766.3000030517578,382.20001220703125) because another element &amp;lt;div class=&amp;quot;fa fa-spinner fa-spin&amp;quot;&amp;gt; obscures it
Build info: version: &amp;apos;3.141.59&amp;apos;, revision: &amp;apos;e82be7d358&amp;apos;, time: &amp;apos;2018-11-14T08:17:03&amp;apos;
System info: host: &amp;apos;DESKTOP-OIDSKCV&amp;apos;, ip: &amp;apos;192.168.1.88&amp;apos;, os.name: &amp;apos;Windows 10&amp;apos;, os.arch: &amp;apos;amd64&amp;apos;, os.version: &amp;apos;10.0&amp;apos;, java.version: &amp;apos;13.0.2&amp;apos;
Driver info: org.openqa.selenium.firefox.FirefoxDriver
Capabilities {acceptInsecureCerts: true, browserName: firefox, browserVersion: 62.0.2, javascriptEnabled: true, moz:accessibilityChecks: false, moz:geckodriverVersion: 0.26.0, moz:headless: false, moz:processID: 12784, moz:profile: C:\Users\sbala\AppData\Loca..., moz:useNonSpecCompliantPointerOrigin: false, moz:webdriverClick: true, pageLoadStrategy: normal, platform: XP, platformName: XP, platformVersion: 10.0, rotatable: false, timeouts: {implicit: 0, pageLoad: 300000, script: 30000}}
Session ID: 7659f450-1947-41f2-94a3-2e4ebc6a2e23">
      <![CDATA[org.openqa.selenium.ElementClickInterceptedException: Element <li> is not clickable at point (766.3000030517578,382.20001220703125) because another element <div class="fa fa-spinner fa-spin"> obscures it
Build info: version: '3.141.59', revision: 'e82be7d358', time: '2018-11-14T08:17:03'
System info: host: 'DESKTOP-OIDSKCV', ip: '192.168.1.88', os.name: 'Windows 10', os.arch: 'amd64', os.version: '10.0', java.version: '13.0.2'
Driver info: org.openqa.selenium.firefox.FirefoxDriver
Capabilities {acceptInsecureCerts: true, browserName: firefox, browserVersion: 62.0.2, javascriptEnabled: true, moz:accessibilityChecks: false, moz:geckodriverVersion: 0.26.0, moz:headless: false, moz:processID: 12784, moz:profile: C:\Users\sbala\AppData\Loca..., moz:useNonSpecCompliantPointerOrigin: false, moz:webdriverClick: true, pageLoadStrategy: normal, platform: XP, platformName: XP, platformVersion: 10.0, rotatable: false, timeouts: {implicit: 0, pageLoad: 300000, script: 30000}}
Session ID: 7659f450-1947-41f2-94a3-2e4ebc6a2e23
at org.openqa.selenium.remote.http.W3CHttpResponseCodec.createException(W3CHttpResponseCodec.java:187)
at org.openqa.selenium.remote.http.W3CHttpResponseCodec.decode(W3CHttpResponseCodec.java:122)
at org.openqa.selenium.remote.http.W3CHttpResponseCodec.decode(W3CHttpResponseCodec.java:49)
at org.openqa.selenium.remote.HttpCommandExecutor.execute(HttpCommandExecutor.java:158)
at org.openqa.selenium.remote.service.DriverCommandExecutor.execute(DriverCommandExecutor.java:83)
at org.openqa.selenium.remote.RemoteWebDriver.execute(RemoteWebDriver.java:552)
at org.openqa.selenium.remote.RemoteWebElement.execute(RemoteWebElement.java:285)
at org.openqa.selenium.remote.RemoteWebElement.click(RemoteWebElement.java:84)
at com.romanceabroad.ui.BaseActions.clickValueOfLists(BaseActions.java:156)
at com.romanceabroad.ui.MainPage.secondPartOfRegistration(MainPage.java:55)
at com.romanceabroad.ui.RegistrationTests.testRegistration(RegistrationTests.java:31)
at com.intellij.rt.testng.IDEARemoteTestNG.run(IDEARemoteTestNG.java:66)
at com.intellij.rt.testng.RemoteTestNGStarter.main(RemoteTestNGStarter.java:109)
... Removed 27 stack frames]]>
    </failure>
  </testcase> <!-- testRegistration -->
  <testcase classname="com.romanceabroad.ui.RegistrationTests" name="testRegistration" time="5.883"/>
  <testcase classname="com.romanceabroad.ui.RegistrationTests" name="testRegistration" time="6.526"/>
  <testcase classname="com.romanceabroad.ui.RegistrationTests" name="testRegistration2" time="5.994"/>
  <testcase classname="com.romanceabroad.ui.RegistrationTests" name="testRegistration2" time="0.664"/>
  <testcase classname="com.romanceabroad.ui.RegistrationTests" name="testRegistration2" time="6.279"/>
</testsuite> <!-- FirefoxTestCases -->
