<?xml version="1.0" encoding="UTF-8"?>
<!-- Generated by org.testng.reporters.JUnitXMLReporter -->
<testsuite ignored="0" hostname="DESKTOP-OIDSKCV" failures="2" tests="15" name="ChromeTestCases" time="678.091" errors="0" timestamp="01 Sep 2020 03:39:12 GMT">
  <testcase classname="com.romanceabroad.ui.TourToUkraineTest" name="testTourToUkraineLink" time="2.334"/>
  <testcase classname="com.romanceabroad.ui.SignInTest" name="negativeTestCases" time="8.96"/>
  <testcase classname="com.romanceabroad.ui.SignInTest" name="negativeTestCases" time="7.237"/>
  <testcase classname="com.romanceabroad.ui.SignInTest" name="negativeTestCases" time="8.648"/>
  <testcase classname="com.romanceabroad.ui.SignInTest" name="testSignInTest" time="1.04"/>
  <testcase classname="com.romanceabroad.ui.HowWeWorkTest" name="testArticlesAndTitles" time="2.148"/>
  <testcase classname="com.romanceabroad.ui.HowWeWorkTest" name="testHowWeWorkLink" time="2.98"/>
  <testcase classname="com.romanceabroad.ui.PhotosTests" name="testUserTabs" time="36.122"/>
  <testcase classname="com.romanceabroad.ui.SearchTest" name="searchAllOptionFromDropDownList" time="23.05"/>
  <testcase classname="com.romanceabroad.ui.SearchTest" name="searchForAllUsers" time="14.412"/>
  <testcase classname="com.romanceabroad.ui.SearchTest" name="testALlFooterLinks" time="12.251">
    <failure type="java.lang.AssertionError" message="expected [Contact administrator] but found [Single Ukrainian women online]">
      <![CDATA[java.lang.AssertionError: expected [Contact administrator] but found [Single Ukrainian women online]
at com.romanceabroad.ui.SearchTest.testALlFooterLinks(SearchTest.java:159)
... Removed 35 stack frames]]>
    </failure>
  </testcase> <!-- testALlFooterLinks -->
  <testcase classname="com.romanceabroad.ui.SearchTest" name="verifyMarinaUserProfile" time="13.582"/>
  <testcase classname="com.romanceabroad.ui.SearchTest" name="searchDifferentResults12" time="10.769">
    <failure type="org.openqa.selenium.StaleElementReferenceException" message="stale element reference: element is not attached to the page document
  (Session info: chrome=85.0.4183.83)
For documentation on this error, please visit: https://www.seleniumhq.org/exceptions/stale_element_reference.html
Build info: version: &amp;apos;3.141.59&amp;apos;, revision: &amp;apos;e82be7d358&amp;apos;, time: &amp;apos;2018-11-14T08:17:03&amp;apos;
System info: host: &amp;apos;DESKTOP-OIDSKCV&amp;apos;, ip: &amp;apos;192.168.1.88&amp;apos;, os.name: &amp;apos;Windows 10&amp;apos;, os.arch: &amp;apos;amd64&amp;apos;, os.version: &amp;apos;10.0&amp;apos;, java.version: &amp;apos;13.0.2&amp;apos;
Driver info: org.openqa.selenium.chrome.ChromeDriver
Capabilities {acceptInsecureCerts: false, browserName: chrome, browserVersion: 85.0.4183.83, chrome: {chromedriverVersion: 84.0.4147.30 (48b3e868b4cc0..., userDataDir: C:\WINDOWS\TEMP\scoped_dir3...}, goog:chromeOptions: {debuggerAddress: localhost:54341}, javascriptEnabled: true, networkConnectionEnabled: false, pageLoadStrategy: normal, platform: WINDOWS, platformName: WINDOWS, proxy: Proxy(), setWindowRect: true, strictFileInteractability: false, timeouts: {implicit: 0, pageLoad: 300000, script: 30000}, unhandledPromptBehavior: dismiss and notify, webauthn:virtualAuthenticators: true}
Session ID: fc506fb9bf7b0bd12acdd0bcfa5a68c5">
      <![CDATA[org.openqa.selenium.StaleElementReferenceException: stale element reference: element is not attached to the page document
  (Session info: chrome=85.0.4183.83)
For documentation on this error, please visit: https://www.seleniumhq.org/exceptions/stale_element_reference.html
Build info: version: '3.141.59', revision: 'e82be7d358', time: '2018-11-14T08:17:03'
System info: host: 'DESKTOP-OIDSKCV', ip: '192.168.1.88', os.name: 'Windows 10', os.arch: 'amd64', os.version: '10.0', java.version: '13.0.2'
Driver info: org.openqa.selenium.chrome.ChromeDriver
Capabilities {acceptInsecureCerts: false, browserName: chrome, browserVersion: 85.0.4183.83, chrome: {chromedriverVersion: 84.0.4147.30 (48b3e868b4cc0..., userDataDir: C:\WINDOWS\TEMP\scoped_dir3...}, goog:chromeOptions: {debuggerAddress: localhost:54341}, javascriptEnabled: true, networkConnectionEnabled: false, pageLoadStrategy: normal, platform: WINDOWS, platformName: WINDOWS, proxy: Proxy(), setWindowRect: true, strictFileInteractability: false, timeouts: {implicit: 0, pageLoad: 300000, script: 30000}, unhandledPromptBehavior: dismiss and notify, webauthn:virtualAuthenticators: true}
Session ID: fc506fb9bf7b0bd12acdd0bcfa5a68c5
at org.openqa.selenium.remote.http.W3CHttpResponseCodec.createException(W3CHttpResponseCodec.java:187)
at org.openqa.selenium.remote.http.W3CHttpResponseCodec.decode(W3CHttpResponseCodec.java:122)
at org.openqa.selenium.remote.http.W3CHttpResponseCodec.decode(W3CHttpResponseCodec.java:49)
at org.openqa.selenium.remote.HttpCommandExecutor.execute(HttpCommandExecutor.java:158)
at org.openqa.selenium.remote.service.DriverCommandExecutor.execute(DriverCommandExecutor.java:83)
at org.openqa.selenium.remote.RemoteWebDriver.execute(RemoteWebDriver.java:552)
at org.openqa.selenium.remote.RemoteWebElement.execute(RemoteWebElement.java:285)
at org.openqa.selenium.remote.RemoteWebElement.getText(RemoteWebElement.java:166)
at com.romanceabroad.ui.SearchTest.searchDifferentResults12(SearchTest.java:65)
... Removed 34 stack frames]]>
    </failure>
  </testcase> <!-- searchDifferentResults12 -->
  <testcase classname="com.romanceabroad.ui.SearchTest" name="selectRandomDropDownListTestOnSearchPageCase11" time="245.255"/>
  <testcase classname="com.romanceabroad.ui.SearchTest" name="testSearchPageTestCase10" time="2.595"/>
</testsuite> <!-- ChromeTestCases -->
