<!DOCTYPE html PUBLIC "-//W3C//DTD XHTML 1.1//EN" "http://www.w3.org/TR/xhtml11/DTD/xhtml11.dtd">
<html xmlns="http://www.w3.org/1999/xhtml">
<head>
<meta http-equiv="content-type" content="text/html; charset=UTF-8"/>
<title>TestNG Report</title>
<style type="text/css">table {margin-bottom:10px;border-collapse:collapse;empty-cells:show}th,td {border:1px solid #009;padding:.25em .5em}th {vertical-align:bottom}td {vertical-align:top}table a {font-weight:bold}.stripe td {background-color: #E6EBF9}.num {text-align:right}.passedodd td {background-color: #3F3}.passedeven td {background-color: #0A0}.skippedodd td {background-color: #DDD}.skippedeven td {background-color: #CCC}.failedodd td,.attn {background-color: #F33}.failedeven td,.stripe .attn {background-color: #D00}.stacktrace {white-space:pre;font-family:monospace}.totop {font-size:85%;text-align:center;border-bottom:2px solid #000}.invisible {display:none}</style>
</head>
<body>
<table>
<tr><th>Test</th><th># Passed</th><th># Skipped</th><th># Failed</th><th>Time (ms)</th><th>Included Groups</th><th>Excluded Groups</th></tr>
<tr><th colspan="7">TestSuite</th></tr>
<tr><td><a href="#t0">Chrome test cases</a></td><td class="num">1</td><td class="num">0</td><td class="num">0</td><td class="num">49,113</td><td></td><td></td></tr>
<tr class="stripe"><td><a href="#t1">Edge test cases</a></td><td class="num">0</td><td class="num">0</td><td class="num attn">1</td><td class="num">57,816</td><td></td><td></td></tr>
<tr><td><a href="#t2">Firefox Mac test cases</a></td><td class="num">1</td><td class="num">0</td><td class="num">0</td><td class="num">63,066</td><td></td><td></td></tr>
<tr class="stripe"><td><a href="#t3">IE test cases</a></td><td class="num">1</td><td class="num">0</td><td class="num">0</td><td class="num">316,130</td><td></td><td></td></tr>
<tr><td><a href="#t4">Safari Mac test cases</a></td><td class="num">0</td><td class="num">0</td><td class="num attn">1</td><td class="num">322,060</td><td></td><td></td></tr>
<tr><th>Total</th><th class="num">3</th><th class="num">0</th><th class="num attn">2</th><th class="num">808,185</th><th colspan="2"></th></tr>
</table>
<table id='summary'><thead><tr><th>Class</th><th>Method</th><th>Start</th><th>Time (ms)</th></tr></thead><tbody><tr><th colspan="4">TestSuite</th></tr></tbody><tbody id="t0"><tr><th colspan="4">Chrome test cases &#8212; passed</th></tr><tr class="passedeven"><td rowspan="1">com.romanceabroad.ui.RegistrationTests</td><td><a href="#m0">testRegistration2</a></td><td rowspan="1">1599530407419</td><td rowspan="1">34871</td></tr></tbody>
<tbody id="t1"><tr><th colspan="4">Edge test cases &#8212; failed</th></tr><tr class="failedeven"><td rowspan="1">com.romanceabroad.ui.RegistrationTests</td><td><a href="#m1">testRegistration2</a></td><td rowspan="1">1599530421688</td><td rowspan="1">29001</td></tr></tbody>
<tbody id="t2"><tr><th colspan="4">Firefox Mac test cases &#8212; passed</th></tr><tr class="passedeven"><td rowspan="1">com.romanceabroad.ui.RegistrationTests</td><td><a href="#m2">testRegistration2</a></td><td rowspan="1">1599530412042</td><td rowspan="1">44673</td></tr></tbody>
<tbody id="t3"><tr><th colspan="4">IE test cases &#8212; passed</th></tr><tr class="passedeven"><td rowspan="1">com.romanceabroad.ui.RegistrationTests</td><td><a href="#m3">testRegistration2</a></td><td rowspan="1">1599530554702</td><td rowspan="1">154954</td></tr></tbody>
<tbody id="t4"><tr><th colspan="4">Safari Mac test cases &#8212; failed</th></tr><tr class="failedeven"><td rowspan="1">com.romanceabroad.ui.RegistrationTests</td><td><a href="#m4">testRegistration2</a></td><td rowspan="1">1599530412417</td><td rowspan="1">303045</td></tr></tbody>
</table>
<h2>Chrome test cases</h2><h3 id="m0">com.romanceabroad.ui.RegistrationTests#testRegistration2</h3><table class="result"><tr class="param"><th>Parameter #1</th><th>Parameter #2</th><th>Parameter #3</th></tr><tr class="param stripe"><td>11@gmail.com</td><td>Testing41124</td><td>true</td></tr></table><p class="totop"><a href="#summary">back to summary</a></p>
<h2>Edge test cases</h2><h3 id="m1">com.romanceabroad.ui.RegistrationTests#testRegistration2</h3><table class="result"><tr class="param"><th>Parameter #1</th><th>Parameter #2</th><th>Parameter #3</th></tr><tr class="param stripe"><td>11@gmail.com</td><td>Testing41124</td><td>true</td></tr><tr><th colspan="3">Exception</th></tr><tr><td colspan="3"><div class="stacktrace">org.openqa.selenium.TimeoutException: Expected condition failed: waiting for element to be clickable: [[RemoteWebDriver: MicrosoftEdge on ANY (de9424040df04e30971df4c3793b24ef)] -&gt; xpath: //li[@data-handler=&apos;selectDay&apos;]] (tried for 20 second(s) with 500 milliseconds interval)
Build info: version: &apos;3.141.59&apos;, revision: &apos;e82be7d358&apos;, time: &apos;2018-11-14T08:17:03&apos;
System info: host: &apos;DESKTOP-OIDSKCV&apos;, ip: &apos;192.168.1.88&apos;, os.name: &apos;Windows 10&apos;, os.arch: &apos;amd64&apos;, os.version: &apos;10.0&apos;, java.version: &apos;13.0.2&apos;
Driver info: org.openqa.selenium.remote.RemoteWebDriver
Capabilities {InPrivate: false, acceptSslCerts: true, applicationCacheEnabled: true, browserName: MicrosoftEdge, browserVersion: 41.16299.15.0, cssSelectorsEnabled: true, hasMetadata: true, javascriptEnabled: true, locationContextEnabled: true, pageLoadStrategy: normal, platform: ANY, platformName: ANY, platformVersion: 10, takesElementScreenshot: true, takesScreenshot: true, webStorageEnabled: true, webdriver.remote.sessionid: de9424040df04e30971df4c3793...}
Session ID: de9424040df04e30971df4c3793b24ef
	at org.openqa.selenium.support.ui.WebDriverWait.timeoutException(WebDriverWait.java:95)
	at org.openqa.selenium.support.ui.FluentWait.until(FluentWait.java:272)
	at com.romanceabroad.ui.BaseActions.clickValueOfLists(BaseActions.java:166)
	at com.romanceabroad.ui.MainPage.secondPartOfRegistration(MainPage.java:69)
	at com.romanceabroad.ui.RegistrationTests.testRegistration2(RegistrationTests.java:28)
	at java.base/java.util.concurrent.FutureTask.run(FutureTask.java:264)
	at java.base/java.util.concurrent.ThreadPoolExecutor.runWorker(ThreadPoolExecutor.java:1128)
	at java.base/java.util.concurrent.ThreadPoolExecutor$Worker.run(ThreadPoolExecutor.java:628)
	at java.base/java.lang.Thread.run(Thread.java:830)
... Removed 16 stack frames</div></td></tr></table><p class="totop"><a href="#summary">back to summary</a></p>
<h2>Firefox Mac test cases</h2><h3 id="m2">com.romanceabroad.ui.RegistrationTests#testRegistration2</h3><table class="result"><tr class="param"><th>Parameter #1</th><th>Parameter #2</th><th>Parameter #3</th></tr><tr class="param stripe"><td>11@gmail.com</td><td>Testing41124</td><td>true</td></tr></table><p class="totop"><a href="#summary">back to summary</a></p>
<h2>IE test cases</h2><h3 id="m3">com.romanceabroad.ui.RegistrationTests#testRegistration2</h3><table class="result"><tr class="param"><th>Parameter #1</th><th>Parameter #2</th><th>Parameter #3</th></tr><tr class="param stripe"><td>11@gmail.com</td><td>Testing41124</td><td>true</td></tr></table><p class="totop"><a href="#summary">back to summary</a></p>
<h2>Safari Mac test cases</h2><h3 id="m4">com.romanceabroad.ui.RegistrationTests#testRegistration2</h3><table class="result"><tr class="param"><th>Parameter #1</th><th>Parameter #2</th><th>Parameter #3</th></tr><tr class="param stripe"><td>11@gmail.com</td><td>Testing41124</td><td>true</td></tr><tr><th colspan="3">Exception</th></tr><tr><td colspan="3"><div class="stacktrace">org.openqa.selenium.TimeoutException: Automation Server Error -- Selenium didn&apos;t complete your last command on time.
For help, please check https://wiki.saucelabs.com/display/DOCS/Common+Error+Messages (WARNING: The server did not provide any stacktrace information)
Command duration or timeout: 0 milliseconds
Build info: version: &apos;3.141.59&apos;, revision: &apos;e82be7d358&apos;, time: &apos;2018-11-14T08:17:03&apos;
System info: host: &apos;DESKTOP-OIDSKCV&apos;, ip: &apos;192.168.1.88&apos;, os.name: &apos;Windows 10&apos;, os.arch: &apos;amd64&apos;, os.version: &apos;10.0&apos;, java.version: &apos;13.0.2&apos;
Driver info: org.openqa.selenium.remote.RemoteWebDriver
Capabilities {acceptInsecureCerts: false, browserName: Safari, browserVersion: 12.1.1, hasMetadata: true, javascriptEnabled: true, platform: MAC, platformName: MAC, safari:automaticInspection: false, safari:automaticProfiling: false, safari:diagnose: false, setWindowRect: true, strictFileInteractability: false, webdriver.remote.sessionid: 047664d0e94b48cb83eb4c8241d..., webkit:WebRTC: {DisableICECandidateFiltering: false, DisableInsecureMediaCapture: false}}
Session ID: 047664d0e94b48cb83eb4c8241ddfc8d
	at org.openqa.selenium.remote.ErrorHandler.createThrowable(ErrorHandler.java:214)
	at org.openqa.selenium.remote.ErrorHandler.throwIfResponseFailed(ErrorHandler.java:166)
	at org.openqa.selenium.remote.http.JsonHttpResponseCodec.reconstructValue(JsonHttpResponseCodec.java:40)
	at org.openqa.selenium.remote.http.AbstractHttpResponseCodec.decode(AbstractHttpResponseCodec.java:80)
	at org.openqa.selenium.remote.http.AbstractHttpResponseCodec.decode(AbstractHttpResponseCodec.java:44)
	at org.openqa.selenium.remote.HttpCommandExecutor.execute(HttpCommandExecutor.java:158)
	at org.openqa.selenium.remote.RemoteWebDriver.execute(RemoteWebDriver.java:552)
	at org.openqa.selenium.remote.RemoteWebElement.execute(RemoteWebElement.java:285)
	at org.openqa.selenium.remote.RemoteWebElement.sendKeys(RemoteWebElement.java:106)
	at com.romanceabroad.ui.MainPage.secondPartOfRegistration(MainPage.java:63)
	at com.romanceabroad.ui.RegistrationTests.testRegistration2(RegistrationTests.java:28)
	at java.base/java.util.concurrent.FutureTask.run(FutureTask.java:264)
	at java.base/java.util.concurrent.ThreadPoolExecutor.runWorker(ThreadPoolExecutor.java:1128)
	at java.base/java.util.concurrent.ThreadPoolExecutor$Worker.run(ThreadPoolExecutor.java:628)
	at java.base/java.lang.Thread.run(Thread.java:830)
... Removed 21 stack frames</div></td></tr></table><p class="totop"><a href="#summary">back to summary</a></p>
</body>
</html>
