<?xml version="1.0" encoding="UTF-8"?>
<testng-results ignored="0" total="15" passed="13" failed="2" skipped="0">
  <reporter-output>
  </reporter-output>
  <suite started-at="2020-09-01T03:27:53Z" name="TestSuite" finished-at="2020-09-01T03:39:11Z" duration-ms="678091">
    <groups>
      <group name="admin">
        <method signature="SearchTest.searchDifferentResults12(java.lang.String, java.lang.String, java.lang.String)[pri:1, instance:com.romanceabroad.ui.SearchTest@7f9fcf7f]" name="searchDifferentResults12" class="com.romanceabroad.ui.SearchTest"/>
        <method signature="SearchTest.selectRandomDropDownListTestOnSearchPageCase11()[pri:1, instance:com.romanceabroad.ui.SearchTest@7f9fcf7f]" name="selectRandomDropDownListTestOnSearchPageCase11" class="com.romanceabroad.ui.SearchTest"/>
      </group> <!-- admin -->
      <group name="ie">
        <method signature="SearchTest.testSearchPageTestCase10()[pri:2, instance:com.romanceabroad.ui.SearchTest@7f9fcf7f]" name="testSearchPageTestCase10" class="com.romanceabroad.ui.SearchTest"/>
      </group> <!-- ie -->
      <group name="user">
        <method signature="SearchTest.searchDifferentResults12(java.lang.String, java.lang.String, java.lang.String)[pri:1, instance:com.romanceabroad.ui.SearchTest@7f9fcf7f]" name="searchDifferentResults12" class="com.romanceabroad.ui.SearchTest"/>
        <method signature="SearchTest.selectRandomDropDownListTestOnSearchPageCase11()[pri:1, instance:com.romanceabroad.ui.SearchTest@7f9fcf7f]" name="selectRandomDropDownListTestOnSearchPageCase11" class="com.romanceabroad.ui.SearchTest"/>
      </group> <!-- user -->
    </groups>
    <test started-at="2020-09-01T03:27:53Z" name="ChromeTestCases" finished-at="2020-09-01T03:39:11Z" duration-ms="678091">
      <class name="com.romanceabroad.ui.TourToUkraineTest">
        <test-method is-config="true" signature="setup(java.lang.String, java.lang.reflect.Method)[pri:0, instance:com.romanceabroad.ui.TourToUkraineTest@448ff1a8]" started-at="2020-09-01T03:27:53Z" name="setup" finished-at="2020-09-01T03:28:11Z" duration-ms="17479" status="PASS">
          <params>
            <param index="0">
              <value>
                <![CDATA[chrome]]>
              </value>
            </param>
            <param index="1">
              <value>
                <![CDATA[public void com.romanceabroad.ui.TourToUkraineTest.testTourToUkraineLink()]]>
              </value>
            </param>
          </params>
          <reporter-output>
          </reporter-output>
        </test-method> <!-- setup -->
        <test-method signature="testTourToUkraineLink()[pri:0, instance:com.romanceabroad.ui.TourToUkraineTest@448ff1a8]" started-at="2020-09-01T03:28:11Z" name="testTourToUkraineLink" finished-at="2020-09-01T03:28:13Z" duration-ms="2334" status="PASS">
          <reporter-output>
          </reporter-output>
        </test-method> <!-- testTourToUkraineLink -->
        <test-method is-config="true" signature="afterActions(org.testng.ITestResult)[pri:0, instance:com.romanceabroad.ui.TourToUkraineTest@448ff1a8]" started-at="2020-09-01T03:28:13Z" name="afterActions" finished-at="2020-09-01T03:28:14Z" duration-ms="910" status="PASS">
          <params>
            <param index="0">
              <value>
                <![CDATA[[TestResult name=testTourToUkraineLink status=SUCCESS method=TourToUkraineTest.testTourToUkraineLink()[pri:0, instance:com.romanceabroad.ui.TourToUkraineTest@448ff1a8] output={null}]]]>
              </value>
            </param>
          </params>
          <reporter-output>
          </reporter-output>
        </test-method> <!-- afterActions -->
      </class> <!-- com.romanceabroad.ui.TourToUkraineTest -->
      <class name="com.romanceabroad.ui.SignInTest">
        <test-method is-config="true" signature="setup(java.lang.String, java.lang.reflect.Method)[pri:0, instance:com.romanceabroad.ui.SignInTest@1a38c59b]" started-at="2020-09-01T03:28:14Z" name="setup" finished-at="2020-09-01T03:28:26Z" duration-ms="12030" status="PASS">
          <params>
            <param index="0">
              <value>
                <![CDATA[chrome]]>
              </value>
            </param>
            <param index="1">
              <value>
                <![CDATA[public void com.romanceabroad.ui.SignInTest.negativeTestCases(java.lang.String,java.lang.String,boolean)]]>
              </value>
            </param>
          </params>
          <reporter-output>
          </reporter-output>
        </test-method> <!-- setup -->
        <test-method signature="negativeTestCases(java.lang.String, java.lang.String, boolean)[pri:0, instance:com.romanceabroad.ui.SignInTest@1a38c59b]" started-at="2020-09-01T03:28:26Z" name="negativeTestCases" data-provider="SignIn" finished-at="2020-09-01T03:28:35Z" duration-ms="8960" status="PASS">
          <params>
            <param index="0">
              <value>
                <![CDATA[]]>
              </value>
            </param>
            <param index="1">
              <value>
                <![CDATA[]]>
              </value>
            </param>
            <param index="2">
              <value>
                <![CDATA[false]]>
              </value>
            </param>
          </params>
          <reporter-output>
          </reporter-output>
        </test-method> <!-- negativeTestCases -->
        <test-method is-config="true" signature="afterActions(org.testng.ITestResult)[pri:0, instance:com.romanceabroad.ui.SignInTest@1a38c59b]" started-at="2020-09-01T03:28:35Z" name="afterActions" finished-at="2020-09-01T03:28:35Z" duration-ms="160" status="PASS">
          <params>
            <param index="0">
              <value>
                <![CDATA[[TestResult name=negativeTestCases status=SUCCESS method=SignInTest.negativeTestCases(java.lang.String, java.lang.String, boolean)[pri:0, instance:com.romanceabroad.ui.SignInTest@1a38c59b] output={null}]]]>
              </value>
            </param>
          </params>
          <reporter-output>
          </reporter-output>
        </test-method> <!-- afterActions -->
        <test-method is-config="true" signature="setup(java.lang.String, java.lang.reflect.Method)[pri:0, instance:com.romanceabroad.ui.SignInTest@1a38c59b]" started-at="2020-09-01T03:28:35Z" name="setup" finished-at="2020-09-01T03:28:50Z" duration-ms="14263" status="PASS">
          <params>
            <param index="0">
              <value>
                <![CDATA[chrome]]>
              </value>
            </param>
            <param index="1">
              <value>
                <![CDATA[public void com.romanceabroad.ui.SignInTest.negativeTestCases(java.lang.String,java.lang.String,boolean)]]>
              </value>
            </param>
          </params>
          <reporter-output>
          </reporter-output>
        </test-method> <!-- setup -->
        <test-method signature="negativeTestCases(java.lang.String, java.lang.String, boolean)[pri:0, instance:com.romanceabroad.ui.SignInTest@1a38c59b]" started-at="2020-09-01T03:28:50Z" name="negativeTestCases" data-provider="SignIn" finished-at="2020-09-01T03:28:57Z" duration-ms="7237" status="PASS">
          <params>
            <param index="0">
              <value>
                <![CDATA[sergey@gmail.com]]>
              </value>
            </param>
            <param index="1">
              <value>
                <![CDATA[]]>
              </value>
            </param>
            <param index="2">
              <value>
                <![CDATA[false]]>
              </value>
            </param>
          </params>
          <reporter-output>
          </reporter-output>
        </test-method> <!-- negativeTestCases -->
        <test-method is-config="true" signature="afterActions(org.testng.ITestResult)[pri:0, instance:com.romanceabroad.ui.SignInTest@1a38c59b]" started-at="2020-09-01T03:28:57Z" name="afterActions" finished-at="2020-09-01T03:28:57Z" duration-ms="69" status="PASS">
          <params>
            <param index="0">
              <value>
                <![CDATA[[TestResult name=negativeTestCases status=SUCCESS method=SignInTest.negativeTestCases(java.lang.String, java.lang.String, boolean)[pri:0, instance:com.romanceabroad.ui.SignInTest@1a38c59b] output={null}]]]>
              </value>
            </param>
          </params>
          <reporter-output>
          </reporter-output>
        </test-method> <!-- afterActions -->
        <test-method is-config="true" signature="setup(java.lang.String, java.lang.reflect.Method)[pri:0, instance:com.romanceabroad.ui.SignInTest@1a38c59b]" started-at="2020-09-01T03:28:57Z" name="setup" finished-at="2020-09-01T03:29:10Z" duration-ms="13110" status="PASS">
          <params>
            <param index="0">
              <value>
                <![CDATA[chrome]]>
              </value>
            </param>
            <param index="1">
              <value>
                <![CDATA[public void com.romanceabroad.ui.SignInTest.negativeTestCases(java.lang.String,java.lang.String,boolean)]]>
              </value>
            </param>
          </params>
          <reporter-output>
          </reporter-output>
        </test-method> <!-- setup -->
        <test-method signature="negativeTestCases(java.lang.String, java.lang.String, boolean)[pri:0, instance:com.romanceabroad.ui.SignInTest@1a38c59b]" started-at="2020-09-01T03:29:10Z" name="negativeTestCases" data-provider="SignIn" finished-at="2020-09-01T03:29:19Z" duration-ms="8648" status="PASS">
          <params>
            <param index="0">
              <value>
                <![CDATA[]]>
              </value>
            </param>
            <param index="1">
              <value>
                <![CDATA[T12345]]>
              </value>
            </param>
            <param index="2">
              <value>
                <![CDATA[false]]>
              </value>
            </param>
          </params>
          <reporter-output>
          </reporter-output>
        </test-method> <!-- negativeTestCases -->
        <test-method is-config="true" signature="afterActions(org.testng.ITestResult)[pri:0, instance:com.romanceabroad.ui.SignInTest@1a38c59b]" started-at="2020-09-01T03:29:19Z" name="afterActions" finished-at="2020-09-01T03:29:19Z" duration-ms="147" status="PASS">
          <params>
            <param index="0">
              <value>
                <![CDATA[[TestResult name=negativeTestCases status=SUCCESS method=SignInTest.negativeTestCases(java.lang.String, java.lang.String, boolean)[pri:0, instance:com.romanceabroad.ui.SignInTest@1a38c59b] output={null}]]]>
              </value>
            </param>
          </params>
          <reporter-output>
          </reporter-output>
        </test-method> <!-- afterActions -->
        <test-method is-config="true" signature="setup(java.lang.String, java.lang.reflect.Method)[pri:0, instance:com.romanceabroad.ui.SignInTest@1a38c59b]" started-at="2020-09-01T03:29:19Z" name="setup" finished-at="2020-09-01T03:29:34Z" duration-ms="15640" status="PASS">
          <params>
            <param index="0">
              <value>
                <![CDATA[chrome]]>
              </value>
            </param>
            <param index="1">
              <value>
                <![CDATA[public void com.romanceabroad.ui.SignInTest.testSignInTest()]]>
              </value>
            </param>
          </params>
          <reporter-output>
          </reporter-output>
        </test-method> <!-- setup -->
        <test-method signature="testSignInTest()[pri:0, instance:com.romanceabroad.ui.SignInTest@1a38c59b]" started-at="2020-09-01T03:29:34Z" name="testSignInTest" finished-at="2020-09-01T03:29:36Z" duration-ms="1040" status="PASS">
          <reporter-output>
          </reporter-output>
        </test-method> <!-- testSignInTest -->
        <test-method is-config="true" signature="afterActions(org.testng.ITestResult)[pri:0, instance:com.romanceabroad.ui.SignInTest@1a38c59b]" started-at="2020-09-01T03:29:36Z" name="afterActions" finished-at="2020-09-01T03:29:36Z" duration-ms="197" status="PASS">
          <params>
            <param index="0">
              <value>
                <![CDATA[[TestResult name=testSignInTest status=SUCCESS method=SignInTest.testSignInTest()[pri:0, instance:com.romanceabroad.ui.SignInTest@1a38c59b] output={null}]]]>
              </value>
            </param>
          </params>
          <reporter-output>
          </reporter-output>
        </test-method> <!-- afterActions -->
      </class> <!-- com.romanceabroad.ui.SignInTest -->
      <class name="com.romanceabroad.ui.SearchTest">
        <test-method is-config="true" signature="setup(java.lang.String, java.lang.reflect.Method)[pri:0, instance:com.romanceabroad.ui.SearchTest@7f9fcf7f]" started-at="2020-09-01T03:31:38Z" name="setup" finished-at="2020-09-01T03:31:56Z" duration-ms="18168" status="PASS">
          <params>
            <param index="0">
              <value>
                <![CDATA[chrome]]>
              </value>
            </param>
            <param index="1">
              <value>
                <![CDATA[public void com.romanceabroad.ui.SearchTest.searchAllOptionFromDropDownList()]]>
              </value>
            </param>
          </params>
          <reporter-output>
          </reporter-output>
        </test-method> <!-- setup -->
        <test-method signature="searchAllOptionFromDropDownList()[pri:0, instance:com.romanceabroad.ui.SearchTest@7f9fcf7f]" started-at="2020-09-01T03:31:56Z" name="searchAllOptionFromDropDownList" finished-at="2020-09-01T03:32:19Z" duration-ms="23050" status="PASS">
          <reporter-output>
          </reporter-output>
        </test-method> <!-- searchAllOptionFromDropDownList -->
        <test-method is-config="true" signature="afterActions(org.testng.ITestResult)[pri:0, instance:com.romanceabroad.ui.SearchTest@7f9fcf7f]" started-at="2020-09-01T03:32:19Z" name="afterActions" finished-at="2020-09-01T03:32:20Z" duration-ms="115" status="PASS">
          <params>
            <param index="0">
              <value>
                <![CDATA[[TestResult name=searchAllOptionFromDropDownList status=SUCCESS method=SearchTest.searchAllOptionFromDropDownList()[pri:0, instance:com.romanceabroad.ui.SearchTest@7f9fcf7f] output={null}]]]>
              </value>
            </param>
          </params>
          <reporter-output>
          </reporter-output>
        </test-method> <!-- afterActions -->
        <test-method is-config="true" signature="setup(java.lang.String, java.lang.reflect.Method)[pri:0, instance:com.romanceabroad.ui.SearchTest@7f9fcf7f]" started-at="2020-09-01T03:32:20Z" name="setup" finished-at="2020-09-01T03:32:39Z" duration-ms="18905" status="PASS">
          <params>
            <param index="0">
              <value>
                <![CDATA[chrome]]>
              </value>
            </param>
            <param index="1">
              <value>
                <![CDATA[public void com.romanceabroad.ui.SearchTest.searchForAllUsers()]]>
              </value>
            </param>
          </params>
          <reporter-output>
          </reporter-output>
        </test-method> <!-- setup -->
        <test-method signature="searchForAllUsers()[pri:0, instance:com.romanceabroad.ui.SearchTest@7f9fcf7f]" started-at="2020-09-01T03:32:39Z" name="searchForAllUsers" finished-at="2020-09-01T03:32:53Z" duration-ms="14412" status="PASS">
          <reporter-output>
          </reporter-output>
        </test-method> <!-- searchForAllUsers -->
        <test-method is-config="true" signature="afterActions(org.testng.ITestResult)[pri:0, instance:com.romanceabroad.ui.SearchTest@7f9fcf7f]" started-at="2020-09-01T03:32:53Z" name="afterActions" finished-at="2020-09-01T03:32:53Z" duration-ms="116" status="PASS">
          <params>
            <param index="0">
              <value>
                <![CDATA[[TestResult name=searchForAllUsers status=SUCCESS method=SearchTest.searchForAllUsers()[pri:0, instance:com.romanceabroad.ui.SearchTest@7f9fcf7f] output={null}]]]>
              </value>
            </param>
          </params>
          <reporter-output>
          </reporter-output>
        </test-method> <!-- afterActions -->
        <test-method is-config="true" signature="setup(java.lang.String, java.lang.reflect.Method)[pri:0, instance:com.romanceabroad.ui.SearchTest@7f9fcf7f]" started-at="2020-09-01T03:32:53Z" name="setup" finished-at="2020-09-01T03:33:12Z" duration-ms="19080" status="PASS">
          <params>
            <param index="0">
              <value>
                <![CDATA[chrome]]>
              </value>
            </param>
            <param index="1">
              <value>
                <![CDATA[public void com.romanceabroad.ui.SearchTest.testALlFooterLinks()]]>
              </value>
            </param>
          </params>
          <reporter-output>
          </reporter-output>
        </test-method> <!-- setup -->
        <test-method signature="testALlFooterLinks()[pri:0, instance:com.romanceabroad.ui.SearchTest@7f9fcf7f]" started-at="2020-09-01T03:33:12Z" name="testALlFooterLinks" finished-at="2020-09-01T03:33:24Z" duration-ms="12251" status="FAIL">
          <exception class="java.lang.AssertionError">
            <message>
              <![CDATA[expected [Contact administrator] but found [Single Ukrainian women online]]]>
            </message>
            <full-stacktrace>
              <![CDATA[java.lang.AssertionError: expected [Contact administrator] but found [Single Ukrainian women online]
at org.testng.Assert.fail(Assert.java:96)
at org.testng.Assert.failNotEquals(Assert.java:776)
at org.testng.Assert.assertEqualsImpl(Assert.java:137)
at org.testng.Assert.assertEquals(Assert.java:118)
at org.testng.Assert.assertEquals(Assert.java:453)
at org.testng.Assert.assertEquals(Assert.java:463)
at com.romanceabroad.ui.SearchTest.testALlFooterLinks(SearchTest.java:159)
at java.base/jdk.internal.reflect.NativeMethodAccessorImpl.invoke0(Native Method)
at java.base/jdk.internal.reflect.NativeMethodAccessorImpl.invoke(NativeMethodAccessorImpl.java:62)
at java.base/jdk.internal.reflect.DelegatingMethodAccessorImpl.invoke(DelegatingMethodAccessorImpl.java:43)
at java.base/java.lang.reflect.Method.invoke(Method.java:567)
at org.testng.internal.MethodInvocationHelper.invokeMethod(MethodInvocationHelper.java:124)
at org.testng.internal.Invoker.invokeMethod(Invoker.java:583)
at org.testng.internal.Invoker.invokeTestMethod(Invoker.java:719)
at org.testng.internal.Invoker.invokeTestMethods(Invoker.java:989)
at org.testng.internal.TestMethodWorker.invokeTestMethods(TestMethodWorker.java:125)
at org.testng.internal.TestMethodWorker.run(TestMethodWorker.java:109)
at org.testng.TestRunner.privateRun(TestRunner.java:648)
at org.testng.TestRunner.run(TestRunner.java:505)
at org.testng.SuiteRunner.runTest(SuiteRunner.java:455)
at org.testng.SuiteRunner.runSequentially(SuiteRunner.java:450)
at org.testng.SuiteRunner.privateRun(SuiteRunner.java:415)
at org.testng.SuiteRunner.run(SuiteRunner.java:364)
at org.testng.SuiteRunnerWorker.runSuite(SuiteRunnerWorker.java:52)
at org.testng.SuiteRunnerWorker.run(SuiteRunnerWorker.java:84)
at org.testng.TestNG.runSuitesSequentially(TestNG.java:1208)
at org.testng.TestNG.runSuitesLocally(TestNG.java:1137)
at org.testng.TestNG.runSuites(TestNG.java:1049)
at org.testng.TestNG.run(TestNG.java:1017)
at org.apache.maven.surefire.testng.TestNGExecutor.run(TestNGExecutor.java:283)
at org.apache.maven.surefire.testng.TestNGXmlTestSuite.execute(TestNGXmlTestSuite.java:75)
at org.apache.maven.surefire.testng.TestNGProvider.invoke(TestNGProvider.java:120)
at org.apache.maven.surefire.booter.ForkedBooter.invokeProviderInSameClassLoader(ForkedBooter.java:384)
at org.apache.maven.surefire.booter.ForkedBooter.runSuitesInProcess(ForkedBooter.java:345)
at org.apache.maven.surefire.booter.ForkedBooter.execute(ForkedBooter.java:126)
at org.apache.maven.surefire.booter.ForkedBooter.main(ForkedBooter.java:418)
]]>
            </full-stacktrace>
          </exception> <!-- java.lang.AssertionError -->
          <reporter-output>
          </reporter-output>
        </test-method> <!-- testALlFooterLinks -->
        <test-method is-config="true" signature="afterActions(org.testng.ITestResult)[pri:0, instance:com.romanceabroad.ui.SearchTest@7f9fcf7f]" started-at="2020-09-01T03:33:24Z" name="afterActions" finished-at="2020-09-01T03:33:26Z" duration-ms="2008" status="PASS">
          <params>
            <param index="0">
              <value>
                <![CDATA[[TestResult name=testALlFooterLinks status=FAILURE method=SearchTest.testALlFooterLinks()[pri:0, instance:com.romanceabroad.ui.SearchTest@7f9fcf7f] output={null}]]]>
              </value>
            </param>
          </params>
          <reporter-output>
          </reporter-output>
        </test-method> <!-- afterActions -->
        <test-method is-config="true" signature="setup(java.lang.String, java.lang.reflect.Method)[pri:0, instance:com.romanceabroad.ui.SearchTest@7f9fcf7f]" started-at="2020-09-01T03:33:26Z" name="setup" finished-at="2020-09-01T03:33:47Z" duration-ms="20764" status="PASS">
          <params>
            <param index="0">
              <value>
                <![CDATA[chrome]]>
              </value>
            </param>
            <param index="1">
              <value>
                <![CDATA[public void com.romanceabroad.ui.SearchTest.verifyMarinaUserProfile()]]>
              </value>
            </param>
          </params>
          <reporter-output>
          </reporter-output>
        </test-method> <!-- setup -->
        <test-method signature="verifyMarinaUserProfile()[pri:0, instance:com.romanceabroad.ui.SearchTest@7f9fcf7f]" started-at="2020-09-01T03:33:47Z" name="verifyMarinaUserProfile" finished-at="2020-09-01T03:34:01Z" duration-ms="13582" status="PASS">
          <reporter-output>
          </reporter-output>
        </test-method> <!-- verifyMarinaUserProfile -->
        <test-method is-config="true" signature="afterActions(org.testng.ITestResult)[pri:0, instance:com.romanceabroad.ui.SearchTest@7f9fcf7f]" started-at="2020-09-01T03:34:01Z" name="afterActions" finished-at="2020-09-01T03:34:01Z" duration-ms="238" status="PASS">
          <params>
            <param index="0">
              <value>
                <![CDATA[[TestResult name=verifyMarinaUserProfile status=SUCCESS method=SearchTest.verifyMarinaUserProfile()[pri:0, instance:com.romanceabroad.ui.SearchTest@7f9fcf7f] output={null}]]]>
              </value>
            </param>
          </params>
          <reporter-output>
          </reporter-output>
        </test-method> <!-- afterActions -->
        <test-method is-config="true" signature="setup(java.lang.String, java.lang.reflect.Method)[pri:0, instance:com.romanceabroad.ui.SearchTest@7f9fcf7f]" started-at="2020-09-01T03:34:01Z" name="setup" finished-at="2020-09-01T03:34:21Z" duration-ms="19586" status="PASS">
          <params>
            <param index="0">
              <value>
                <![CDATA[chrome]]>
              </value>
            </param>
            <param index="1">
              <value>
                <![CDATA[public void com.romanceabroad.ui.SearchTest.searchDifferentResults12(java.lang.String,java.lang.String,java.lang.String)]]>
              </value>
            </param>
          </params>
          <reporter-output>
          </reporter-output>
        </test-method> <!-- setup -->
        <test-method signature="searchDifferentResults12(java.lang.String, java.lang.String, java.lang.String)[pri:1, instance:com.romanceabroad.ui.SearchTest@7f9fcf7f]" started-at="2020-09-01T03:34:21Z" name="searchDifferentResults12" data-provider="Search" finished-at="2020-09-01T03:34:31Z" duration-ms="10769" status="FAIL">
          <params>
            <param index="0">
              <value>
                <![CDATA[18]]>
              </value>
            </param>
            <param index="1">
              <value>
                <![CDATA[80]]>
              </value>
            </param>
            <param index="2">
              <value>
                <![CDATA[Default]]>
              </value>
            </param>
          </params>
          <exception class="org.openqa.selenium.StaleElementReferenceException">
            <message>
              <![CDATA[stale element reference: element is not attached to the page document
  (Session info: chrome=85.0.4183.83)
For documentation on this error, please visit: https://www.seleniumhq.org/exceptions/stale_element_reference.html
Build info: version: '3.141.59', revision: 'e82be7d358', time: '2018-11-14T08:17:03'
System info: host: 'DESKTOP-OIDSKCV', ip: '192.168.1.88', os.name: 'Windows 10', os.arch: 'amd64', os.version: '10.0', java.version: '13.0.2'
Driver info: org.openqa.selenium.chrome.ChromeDriver
Capabilities {acceptInsecureCerts: false, browserName: chrome, browserVersion: 85.0.4183.83, chrome: {chromedriverVersion: 84.0.4147.30 (48b3e868b4cc0..., userDataDir: C:\WINDOWS\TEMP\scoped_dir3...}, goog:chromeOptions: {debuggerAddress: localhost:54341}, javascriptEnabled: true, networkConnectionEnabled: false, pageLoadStrategy: normal, platform: WINDOWS, platformName: WINDOWS, proxy: Proxy(), setWindowRect: true, strictFileInteractability: false, timeouts: {implicit: 0, pageLoad: 300000, script: 30000}, unhandledPromptBehavior: dismiss and notify, webauthn:virtualAuthenticators: true}
Session ID: fc506fb9bf7b0bd12acdd0bcfa5a68c5]]>
            </message>
            <full-stacktrace>
              <![CDATA[org.openqa.selenium.StaleElementReferenceException: stale element reference: element is not attached to the page document
  (Session info: chrome=85.0.4183.83)
For documentation on this error, please visit: https://www.seleniumhq.org/exceptions/stale_element_reference.html
Build info: version: '3.141.59', revision: 'e82be7d358', time: '2018-11-14T08:17:03'
System info: host: 'DESKTOP-OIDSKCV', ip: '192.168.1.88', os.name: 'Windows 10', os.arch: 'amd64', os.version: '10.0', java.version: '13.0.2'
Driver info: org.openqa.selenium.chrome.ChromeDriver
Capabilities {acceptInsecureCerts: false, browserName: chrome, browserVersion: 85.0.4183.83, chrome: {chromedriverVersion: 84.0.4147.30 (48b3e868b4cc0..., userDataDir: C:\WINDOWS\TEMP\scoped_dir3...}, goog:chromeOptions: {debuggerAddress: localhost:54341}, javascriptEnabled: true, networkConnectionEnabled: false, pageLoadStrategy: normal, platform: WINDOWS, platformName: WINDOWS, proxy: Proxy(), setWindowRect: true, strictFileInteractability: false, timeouts: {implicit: 0, pageLoad: 300000, script: 30000}, unhandledPromptBehavior: dismiss and notify, webauthn:virtualAuthenticators: true}
Session ID: fc506fb9bf7b0bd12acdd0bcfa5a68c5
at java.base/jdk.internal.reflect.NativeConstructorAccessorImpl.newInstance0(Native Method)
at java.base/jdk.internal.reflect.NativeConstructorAccessorImpl.newInstance(NativeConstructorAccessorImpl.java:62)
at java.base/jdk.internal.reflect.DelegatingConstructorAccessorImpl.newInstance(DelegatingConstructorAccessorImpl.java:45)
at java.base/java.lang.reflect.Constructor.newInstanceWithCaller(Constructor.java:500)
at java.base/java.lang.reflect.Constructor.newInstance(Constructor.java:481)
at org.openqa.selenium.remote.http.W3CHttpResponseCodec.createException(W3CHttpResponseCodec.java:187)
at org.openqa.selenium.remote.http.W3CHttpResponseCodec.decode(W3CHttpResponseCodec.java:122)
at org.openqa.selenium.remote.http.W3CHttpResponseCodec.decode(W3CHttpResponseCodec.java:49)
at org.openqa.selenium.remote.HttpCommandExecutor.execute(HttpCommandExecutor.java:158)
at org.openqa.selenium.remote.service.DriverCommandExecutor.execute(DriverCommandExecutor.java:83)
at org.openqa.selenium.remote.RemoteWebDriver.execute(RemoteWebDriver.java:552)
at org.openqa.selenium.remote.RemoteWebElement.execute(RemoteWebElement.java:285)
at org.openqa.selenium.remote.RemoteWebElement.getText(RemoteWebElement.java:166)
at com.romanceabroad.ui.SearchTest.searchDifferentResults12(SearchTest.java:65)
at java.base/jdk.internal.reflect.NativeMethodAccessorImpl.invoke0(Native Method)
at java.base/jdk.internal.reflect.NativeMethodAccessorImpl.invoke(NativeMethodAccessorImpl.java:62)
at java.base/jdk.internal.reflect.DelegatingMethodAccessorImpl.invoke(DelegatingMethodAccessorImpl.java:43)
at java.base/java.lang.reflect.Method.invoke(Method.java:567)
at org.testng.internal.MethodInvocationHelper.invokeMethod(MethodInvocationHelper.java:124)
at org.testng.internal.Invoker.invokeMethod(Invoker.java:583)
at org.testng.internal.Invoker.invokeTestMethod(Invoker.java:719)
at org.testng.internal.Invoker.invokeTestMethods(Invoker.java:989)
at org.testng.internal.TestMethodWorker.invokeTestMethods(TestMethodWorker.java:125)
at org.testng.internal.TestMethodWorker.run(TestMethodWorker.java:109)
at org.testng.TestRunner.privateRun(TestRunner.java:648)
at org.testng.TestRunner.run(TestRunner.java:505)
at org.testng.SuiteRunner.runTest(SuiteRunner.java:455)
at org.testng.SuiteRunner.runSequentially(SuiteRunner.java:450)
at org.testng.SuiteRunner.privateRun(SuiteRunner.java:415)
at org.testng.SuiteRunner.run(SuiteRunner.java:364)
at org.testng.SuiteRunnerWorker.runSuite(SuiteRunnerWorker.java:52)
at org.testng.SuiteRunnerWorker.run(SuiteRunnerWorker.java:84)
at org.testng.TestNG.runSuitesSequentially(TestNG.java:1208)
at org.testng.TestNG.runSuitesLocally(TestNG.java:1137)
at org.testng.TestNG.runSuites(TestNG.java:1049)
at org.testng.TestNG.run(TestNG.java:1017)
at org.apache.maven.surefire.testng.TestNGExecutor.run(TestNGExecutor.java:283)
at org.apache.maven.surefire.testng.TestNGXmlTestSuite.execute(TestNGXmlTestSuite.java:75)
at org.apache.maven.surefire.testng.TestNGProvider.invoke(TestNGProvider.java:120)
at org.apache.maven.surefire.booter.ForkedBooter.invokeProviderInSameClassLoader(ForkedBooter.java:384)
at org.apache.maven.surefire.booter.ForkedBooter.runSuitesInProcess(ForkedBooter.java:345)
at org.apache.maven.surefire.booter.ForkedBooter.execute(ForkedBooter.java:126)
at org.apache.maven.surefire.booter.ForkedBooter.main(ForkedBooter.java:418)
]]>
            </full-stacktrace>
          </exception> <!-- org.openqa.selenium.StaleElementReferenceException -->
          <reporter-output>
          </reporter-output>
        </test-method> <!-- searchDifferentResults12 -->
        <test-method is-config="true" signature="afterActions(org.testng.ITestResult)[pri:0, instance:com.romanceabroad.ui.SearchTest@7f9fcf7f]" started-at="2020-09-01T03:34:31Z" name="afterActions" finished-at="2020-09-01T03:34:32Z" duration-ms="1142" status="PASS">
          <params>
            <param index="0">
              <value>
                <![CDATA[[TestResult name=searchDifferentResults12 status=FAILURE method=SearchTest.searchDifferentResults12(java.lang.String, java.lang.String, java.lang.String)[pri:1, instance:com.romanceabroad.ui.SearchTest@7f9fcf7f] output={null}]]]>
              </value>
            </param>
          </params>
          <reporter-output>
          </reporter-output>
        </test-method> <!-- afterActions -->
        <test-method is-config="true" signature="setup(java.lang.String, java.lang.reflect.Method)[pri:0, instance:com.romanceabroad.ui.SearchTest@7f9fcf7f]" started-at="2020-09-01T03:34:32Z" name="setup" finished-at="2020-09-01T03:34:52Z" duration-ms="19504" status="PASS">
          <params>
            <param index="0">
              <value>
                <![CDATA[chrome]]>
              </value>
            </param>
            <param index="1">
              <value>
                <![CDATA[public void com.romanceabroad.ui.SearchTest.selectRandomDropDownListTestOnSearchPageCase11()]]>
              </value>
            </param>
          </params>
          <reporter-output>
          </reporter-output>
        </test-method> <!-- setup -->
        <test-method signature="selectRandomDropDownListTestOnSearchPageCase11()[pri:1, instance:com.romanceabroad.ui.SearchTest@7f9fcf7f]" started-at="2020-09-01T03:34:52Z" name="selectRandomDropDownListTestOnSearchPageCase11" finished-at="2020-09-01T03:38:57Z" duration-ms="245255" status="PASS">
          <reporter-output>
          </reporter-output>
        </test-method> <!-- selectRandomDropDownListTestOnSearchPageCase11 -->
        <test-method is-config="true" signature="afterActions(org.testng.ITestResult)[pri:0, instance:com.romanceabroad.ui.SearchTest@7f9fcf7f]" started-at="2020-09-01T03:38:57Z" name="afterActions" finished-at="2020-09-01T03:38:57Z" duration-ms="66" status="PASS">
          <params>
            <param index="0">
              <value>
                <![CDATA[[TestResult name=selectRandomDropDownListTestOnSearchPageCase11 status=SUCCESS method=SearchTest.selectRandomDropDownListTestOnSearchPageCase11()[pri:1, instance:com.romanceabroad.ui.SearchTest@7f9fcf7f] output={null}]]]>
              </value>
            </param>
          </params>
          <reporter-output>
          </reporter-output>
        </test-method> <!-- afterActions -->
        <test-method is-config="true" signature="setup(java.lang.String, java.lang.reflect.Method)[pri:0, instance:com.romanceabroad.ui.SearchTest@7f9fcf7f]" started-at="2020-09-01T03:38:57Z" name="setup" finished-at="2020-09-01T03:39:09Z" duration-ms="11500" status="PASS">
          <params>
            <param index="0">
              <value>
                <![CDATA[chrome]]>
              </value>
            </param>
            <param index="1">
              <value>
                <![CDATA[public void com.romanceabroad.ui.SearchTest.testSearchPageTestCase10()]]>
              </value>
            </param>
          </params>
          <reporter-output>
          </reporter-output>
        </test-method> <!-- setup -->
        <test-method signature="testSearchPageTestCase10()[pri:2, instance:com.romanceabroad.ui.SearchTest@7f9fcf7f]" started-at="2020-09-01T03:39:09Z" name="testSearchPageTestCase10" finished-at="2020-09-01T03:39:11Z" duration-ms="2595" status="PASS">
          <reporter-output>
          </reporter-output>
        </test-method> <!-- testSearchPageTestCase10 -->
        <test-method is-config="true" signature="afterActions(org.testng.ITestResult)[pri:0, instance:com.romanceabroad.ui.SearchTest@7f9fcf7f]" started-at="2020-09-01T03:39:11Z" name="afterActions" finished-at="2020-09-01T03:39:11Z" duration-ms="100" status="PASS">
          <params>
            <param index="0">
              <value>
                <![CDATA[[TestResult name=testSearchPageTestCase10 status=SUCCESS method=SearchTest.testSearchPageTestCase10()[pri:2, instance:com.romanceabroad.ui.SearchTest@7f9fcf7f] output={null}]]]>
              </value>
            </param>
          </params>
          <reporter-output>
          </reporter-output>
        </test-method> <!-- afterActions -->
      </class> <!-- com.romanceabroad.ui.SearchTest -->
      <class name="com.romanceabroad.ui.PhotosTests">
        <test-method is-config="true" signature="setup(java.lang.String, java.lang.reflect.Method)[pri:0, instance:com.romanceabroad.ui.PhotosTests@44a664f2]" started-at="2020-09-01T03:30:29Z" name="setup" finished-at="2020-09-01T03:31:02Z" duration-ms="32881" status="PASS">
          <params>
            <param index="0">
              <value>
                <![CDATA[chrome]]>
              </value>
            </param>
            <param index="1">
              <value>
                <![CDATA[public void com.romanceabroad.ui.PhotosTests.testUserTabs()]]>
              </value>
            </param>
          </params>
          <reporter-output>
          </reporter-output>
        </test-method> <!-- setup -->
        <test-method signature="testUserTabs()[pri:0, instance:com.romanceabroad.ui.PhotosTests@44a664f2]" started-at="2020-09-01T03:31:02Z" name="testUserTabs" finished-at="2020-09-01T03:31:38Z" duration-ms="36122" status="PASS">
          <reporter-output>
          </reporter-output>
        </test-method> <!-- testUserTabs -->
        <test-method is-config="true" signature="afterActions(org.testng.ITestResult)[pri:0, instance:com.romanceabroad.ui.PhotosTests@44a664f2]" started-at="2020-09-01T03:31:38Z" name="afterActions" finished-at="2020-09-01T03:31:38Z" duration-ms="269" status="PASS">
          <params>
            <param index="0">
              <value>
                <![CDATA[[TestResult name=testUserTabs status=SUCCESS method=PhotosTests.testUserTabs()[pri:0, instance:com.romanceabroad.ui.PhotosTests@44a664f2] output={null}]]]>
              </value>
            </param>
          </params>
          <reporter-output>
          </reporter-output>
        </test-method> <!-- afterActions -->
      </class> <!-- com.romanceabroad.ui.PhotosTests -->
      <class name="com.romanceabroad.ui.HowWeWorkTest">
        <test-method is-config="true" signature="setup(java.lang.String, java.lang.reflect.Method)[pri:0, instance:com.romanceabroad.ui.HowWeWorkTest@7f77e91b]" started-at="2020-09-01T03:29:36Z" name="setup" finished-at="2020-09-01T03:29:54Z" duration-ms="17979" status="PASS">
          <params>
            <param index="0">
              <value>
                <![CDATA[chrome]]>
              </value>
            </param>
            <param index="1">
              <value>
                <![CDATA[public void com.romanceabroad.ui.HowWeWorkTest.testArticlesAndTitles()]]>
              </value>
            </param>
          </params>
          <reporter-output>
          </reporter-output>
        </test-method> <!-- setup -->
        <test-method signature="testArticlesAndTitles()[pri:0, instance:com.romanceabroad.ui.HowWeWorkTest@7f77e91b]" started-at="2020-09-01T03:29:54Z" name="testArticlesAndTitles" finished-at="2020-09-01T03:29:56Z" duration-ms="2148" status="PASS">
          <reporter-output>
          </reporter-output>
        </test-method> <!-- testArticlesAndTitles -->
        <test-method is-config="true" signature="afterActions(org.testng.ITestResult)[pri:0, instance:com.romanceabroad.ui.HowWeWorkTest@7f77e91b]" started-at="2020-09-01T03:29:56Z" name="afterActions" finished-at="2020-09-01T03:29:56Z" duration-ms="329" status="PASS">
          <params>
            <param index="0">
              <value>
                <![CDATA[[TestResult name=testArticlesAndTitles status=SUCCESS method=HowWeWorkTest.testArticlesAndTitles()[pri:0, instance:com.romanceabroad.ui.HowWeWorkTest@7f77e91b] output={null}]]]>
              </value>
            </param>
          </params>
          <reporter-output>
          </reporter-output>
        </test-method> <!-- afterActions -->
        <test-method is-config="true" signature="setup(java.lang.String, java.lang.reflect.Method)[pri:0, instance:com.romanceabroad.ui.HowWeWorkTest@7f77e91b]" started-at="2020-09-01T03:29:56Z" name="setup" finished-at="2020-09-01T03:30:26Z" duration-ms="29603" status="PASS">
          <params>
            <param index="0">
              <value>
                <![CDATA[chrome]]>
              </value>
            </param>
            <param index="1">
              <value>
                <![CDATA[public void com.romanceabroad.ui.HowWeWorkTest.testHowWeWorkLink()]]>
              </value>
            </param>
          </params>
          <reporter-output>
          </reporter-output>
        </test-method> <!-- setup -->
        <test-method signature="testHowWeWorkLink()[pri:0, instance:com.romanceabroad.ui.HowWeWorkTest@7f77e91b]" started-at="2020-09-01T03:30:26Z" name="testHowWeWorkLink" finished-at="2020-09-01T03:30:29Z" duration-ms="2980" status="PASS">
          <reporter-output>
          </reporter-output>
        </test-method> <!-- testHowWeWorkLink -->
        <test-method is-config="true" signature="afterActions(org.testng.ITestResult)[pri:0, instance:com.romanceabroad.ui.HowWeWorkTest@7f77e91b]" started-at="2020-09-01T03:30:29Z" name="afterActions" finished-at="2020-09-01T03:30:29Z" duration-ms="234" status="PASS">
          <params>
            <param index="0">
              <value>
                <![CDATA[[TestResult name=testHowWeWorkLink status=SUCCESS method=HowWeWorkTest.testHowWeWorkLink()[pri:0, instance:com.romanceabroad.ui.HowWeWorkTest@7f77e91b] output={null}]]]>
              </value>
            </param>
          </params>
          <reporter-output>
          </reporter-output>
        </test-method> <!-- afterActions -->
      </class> <!-- com.romanceabroad.ui.HowWeWorkTest -->
    </test> <!-- ChromeTestCases -->
  </suite> <!-- TestSuite -->
</testng-results>
